<?xml version="1.0" encoding="UTF-8"?>
<!-- Generated by org.testng.reporters.JUnitXMLReporter -->
<testsuite hostname="INLN56579596A" name="Command line test" tests="3" failures="0" timestamp="4 Dec 2017 21:48:28 GMT" time="28.179" errors="0">
  <testcase name="test1" time="21.861" classname="org.riv.qa.webdriver.test.FunctionalTest"/>
  <testcase name="testWrapTestMinTextLength" time="0.001" classname="org.riv.qa.test.wrap.WrapTest"/>
  <testcase name="testWrapTestSpacesLeading" time="0.001" classname="org.riv.qa.test.wrap.WrapTest"/>
</testsuite> <!-- Command line test -->
